[2K[Jul 15 21:15:04] [WARN] [diff] cannot find state file /home/admin/SSD/imposm_updates/change_file.state.txt
[Jul 15 21:15:04] Processing /home/admin/SSD/imposm_updates/change_file.osc.gz
[Jul 15 21:15:04] [INFO] [mapping] warn: exclude_tags filter is deprecated and will be removed. See require and reject filter.
[Jul 15 21:15:04] [INFO] [mapping] warn: exclude_tags filter is deprecated and will be removed. See require and reject filter.
[Jul 15 21:15:04] [INFO] [mapping] warn: exclude_tags filter is deprecated and will be removed. See require and reject filter.
[Jul 15 21:15:04] [INFO] [mapping] warn: exclude_tags filter is deprecated and will be removed. See require and reject filter.
[Jul 15 21:15:04] [INFO] [mapping] warn: zorder type is deprecated and will be removed. See enumerate type.
[Jul 15 21:15:04] [INFO] [mapping] warn: pseudoarea type is deprecated and will be removed. See area and webmerc_area type.
[Jul 15 21:15:04] [INFO] [mapping] warn: exclude_tags filter is deprecated and will be removed. See require and reject filter.
[Jul 15 21:15:04] [INFO] [mapping] warn: exclude_tags filter is deprecated and will be removed. See require and reject filter.
[Jul 15 21:15:04] [INFO] [mapping] warn: exclude_tags filter is deprecated and will be removed. See require and reject filter.
[Jul 15 21:15:04] [INFO] [mapping] warn: exclude_tags filter is deprecated and will be removed. See require and reject filter.
[Jul 15 21:15:04] [INFO] [mapping] warn: exclude_tags filter is deprecated and will be removed. See require and reject filter.
[Jul 15 21:15:04] [INFO] [mapping] warn: exclude_tags filter is deprecated and will be removed. See require and reject filter.
[Jul 15 21:15:04] [INFO] [mapping] warn: exclude_tags filter is deprecated and will be removed. See require and reject filter.
[Jul 15 21:15:04] [INFO] [mapping] warn: exclude_tags filter is deprecated and will be removed. See require and reject filter.
[Jul 15 21:15:04] [INFO] [mapping] warn: pseudoarea type is deprecated and will be removed. See area and webmerc_area type.
[Jul 15 21:15:04] [INFO] [mapping] warn: zorder type is deprecated and will be removed. See enumerate type.
[Jul 15 21:15:04] [INFO] [mapping] warn: pseudoarea type is deprecated and will be removed. See area and webmerc_area type.
[Jul 15 21:15:04] [INFO] [mapping] warn: pseudoarea type is deprecated and will be removed. See area and webmerc_area type.
[Jul 15 21:15:04] [INFO] [mapping] warn: pseudoarea type is deprecated and will be removed. See area and webmerc_area type.
[Jul 15 21:15:04] [INFO] [mapping] warn: pseudoarea type is deprecated and will be removed. See area and webmerc_area type.
[Jul 15 21:15:04] [INFO] [mapping] warn: exclude_tags filter is deprecated and will be removed. See require and reject filter.
[Jul 15 21:15:04] [INFO] [mapping] warn: exclude_tags filter is deprecated and will be removed. See require and reject filter.
[Jul 15 21:15:04] [INFO] [mapping] warn: exclude_tags filter is deprecated and will be removed. See require and reject filter.
[Jul 15 21:15:04] [INFO] [mapping] warn: exclude_tags filter is deprecated and will be removed. See require and reject filter.
[Jul 15 21:15:04] [INFO] [mapping] warn: exclude_tags filter is deprecated and will be removed. See require and reject filter.
[Jul 15 21:15:04] [INFO] [mapping] warn: exclude_tags filter is deprecated and will be removed. See require and reject filter.
[Jul 15 21:15:04] [INFO] [mapping] warn: exclude_tags filter is deprecated and will be removed. See require and reject filter.
[Jul 15 21:15:04] [INFO] [mapping] warn: exclude_tags filter is deprecated and will be removed. See require and reject filter.
[Jul 15 21:15:04] [INFO] [mapping] warn: pseudoarea type is deprecated and will be removed. See area and webmerc_area type.
[Jul 15 21:15:04] [INFO] [mapping] warn: pseudoarea type is deprecated and will be removed. See area and webmerc_area type.
[Jul 15 21:15:04] [INFO] [mapping] warn: pseudoarea type is deprecated and will be removed. See area and webmerc_area type.
[Jul 15 21:15:04] [INFO] [mapping] warn: pseudoarea type is deprecated and will be removed. See area and webmerc_area type.
[Jul 15 21:15:04] [INFO] [mapping] warn: zorder type is deprecated and will be removed. See enumerate type.
[Jul 15 21:15:04] [INFO] [mapping] warn: zorder type is deprecated and will be removed. See enumerate type.
[Jul 15 21:15:04] [INFO] [mapping] warn: pseudoarea type is deprecated and will be removed. See area and webmerc_area type.
[Jul 15 21:15:04] [INFO] [mapping] warn: pseudoarea type is deprecated and will be removed. See area and webmerc_area type.
[Jul 15 21:15:04] Parsing changes, updating cache and removing elements
[Jul 15 21:15:08] [INFO] [diff] Parsing changes, updating cache and removing elements took: 4.22351212s
[Jul 15 21:15:08] Writing added/modified elements
[Jul 15 21:15:08] [INFO] [    4s] C:    9000/s (14165) N:    2000/s (2944) W:     800/s (2395) R:      0/s (68)
[Jul 15 21:15:16] Updating generalized tables
[Jul 15 21:15:17] [INFO] [PostGIS] Updating generalized tables took: 631.989495ms
[Jul 15 21:15:17] [INFO] [diff] Writing added/modified elements took: 9.164300204s
[Jul 15 21:15:17] [INFO] [    9s] C:       0/s (0) N:    2500/s (2944) W:     800/s (2587) R:     20/s (118)
[Jul 15 21:15:17] [INFO] [diff] Processing /home/admin/SSD/imposm_updates/change_file.osc.gz took: 13.401113363s
