[2K[Jul  4 21:14:57] [WARN] [diff] cannot find state file /TMP_DATA/imposm_updates/change_file.state.txt
[Jul  4 21:14:57] Processing /TMP_DATA/imposm_updates/change_file.osc.gz
[Jul  4 21:14:57] [INFO] [diff] Processing /TMP_DATA/imposm_updates/change_file.osc.gz took: 142.06µs
[Jul  4 21:14:57] [diff] unable to process /TMP_DATA/imposm_updates/change_file.osc.gz: open /home/admin/config/mapping.json: no such file or directory
[2K[Jul  4 21:15:59] [WARN] [diff] cannot find state file /TMP_DATA/imposm_updates/change_file.state.txt
[Jul  4 21:15:59] Processing /TMP_DATA/imposm_updates/change_file.osc.gz
[Jul  4 21:15:59] [INFO] [mapping] warn: exclude_tags filter is deprecated and will be removed. See require and reject filter.
[Jul  4 21:15:59] [INFO] [mapping] warn: exclude_tags filter is deprecated and will be removed. See require and reject filter.
[Jul  4 21:15:59] [INFO] [mapping] warn: exclude_tags filter is deprecated and will be removed. See require and reject filter.
[Jul  4 21:15:59] [INFO] [mapping] warn: exclude_tags filter is deprecated and will be removed. See require and reject filter.
[Jul  4 21:15:59] [INFO] [mapping] warn: zorder type is deprecated and will be removed. See enumerate type.
[Jul  4 21:15:59] [INFO] [mapping] warn: pseudoarea type is deprecated and will be removed. See area and webmerc_area type.
[Jul  4 21:15:59] [INFO] [mapping] warn: exclude_tags filter is deprecated and will be removed. See require and reject filter.
[Jul  4 21:15:59] [INFO] [mapping] warn: exclude_tags filter is deprecated and will be removed. See require and reject filter.
[Jul  4 21:15:59] [INFO] [mapping] warn: exclude_tags filter is deprecated and will be removed. See require and reject filter.
[Jul  4 21:15:59] [INFO] [mapping] warn: exclude_tags filter is deprecated and will be removed. See require and reject filter.
[Jul  4 21:15:59] [INFO] [mapping] warn: exclude_tags filter is deprecated and will be removed. See require and reject filter.
[Jul  4 21:15:59] [INFO] [mapping] warn: exclude_tags filter is deprecated and will be removed. See require and reject filter.
[Jul  4 21:15:59] [INFO] [mapping] warn: exclude_tags filter is deprecated and will be removed. See require and reject filter.
[Jul  4 21:15:59] [INFO] [mapping] warn: exclude_tags filter is deprecated and will be removed. See require and reject filter.
[Jul  4 21:15:59] [INFO] [mapping] warn: pseudoarea type is deprecated and will be removed. See area and webmerc_area type.
[Jul  4 21:15:59] [INFO] [mapping] warn: zorder type is deprecated and will be removed. See enumerate type.
[Jul  4 21:15:59] [INFO] [mapping] warn: pseudoarea type is deprecated and will be removed. See area and webmerc_area type.
[Jul  4 21:15:59] [INFO] [mapping] warn: pseudoarea type is deprecated and will be removed. See area and webmerc_area type.
[Jul  4 21:15:59] [INFO] [mapping] warn: pseudoarea type is deprecated and will be removed. See area and webmerc_area type.
[Jul  4 21:15:59] [INFO] [mapping] warn: pseudoarea type is deprecated and will be removed. See area and webmerc_area type.
[Jul  4 21:15:59] [INFO] [mapping] warn: exclude_tags filter is deprecated and will be removed. See require and reject filter.
[Jul  4 21:15:59] [INFO] [mapping] warn: exclude_tags filter is deprecated and will be removed. See require and reject filter.
[Jul  4 21:15:59] [INFO] [mapping] warn: exclude_tags filter is deprecated and will be removed. See require and reject filter.
[Jul  4 21:15:59] [INFO] [mapping] warn: exclude_tags filter is deprecated and will be removed. See require and reject filter.
[Jul  4 21:15:59] [INFO] [mapping] warn: exclude_tags filter is deprecated and will be removed. See require and reject filter.
[Jul  4 21:15:59] [INFO] [mapping] warn: exclude_tags filter is deprecated and will be removed. See require and reject filter.
[Jul  4 21:15:59] [INFO] [mapping] warn: exclude_tags filter is deprecated and will be removed. See require and reject filter.
[Jul  4 21:15:59] [INFO] [mapping] warn: exclude_tags filter is deprecated and will be removed. See require and reject filter.
[Jul  4 21:15:59] [INFO] [mapping] warn: pseudoarea type is deprecated and will be removed. See area and webmerc_area type.
[Jul  4 21:15:59] [INFO] [mapping] warn: pseudoarea type is deprecated and will be removed. See area and webmerc_area type.
[Jul  4 21:15:59] [INFO] [mapping] warn: pseudoarea type is deprecated and will be removed. See area and webmerc_area type.
[Jul  4 21:15:59] [INFO] [mapping] warn: zorder type is deprecated and will be removed. See enumerate type.
[Jul  4 21:15:59] [INFO] [mapping] warn: pseudoarea type is deprecated and will be removed. See area and webmerc_area type.
[Jul  4 21:15:59] [INFO] [mapping] warn: pseudoarea type is deprecated and will be removed. See area and webmerc_area type.
[Jul  4 21:15:59] [INFO] [mapping] warn: zorder type is deprecated and will be removed. See enumerate type.
[Jul  4 21:15:59] [INFO] [mapping] warn: pseudoarea type is deprecated and will be removed. See area and webmerc_area type.
[Jul  4 21:15:59] Parsing changes, updating cache and removing elements
[Jul  4 21:16:59] [INFO] [  1m0s] C:    1000/s (69006) N:     100/s (8880) W:       0/s (0) R:      0/s (0)
[Jul  4 21:17:59] [INFO] [  2m0s] C:    1000/s (222364) N:     100/s (20903) W:       0/s (0) R:      0/s (0)
[Jul  4 21:18:59] [INFO] [  3m0s] C:    2000/s (382252) N:     100/s (35478) W:       0/s (0) R:      0/s (0)
[Jul  4 21:19:59] [INFO] [  4m0s] C:    2000/s (640885) N:     200/s (55806) W:       0/s (0) R:      0/s (0)
[Jul  4 21:20:59] [INFO] [  5m0s] C:    3000/s (908457) N:     200/s (70755) W:       0/s (0) R:      0/s (0)
[Jul  4 21:21:59] [INFO] [  6m0s] C:    3000/s (1191755) N:     200/s (97690) W:       0/s (0) R:      0/s (0)
[Jul  4 21:22:59] [INFO] [  7m0s] C:    3000/s (1423456) N:     200/s (110888) W:       0/s (0) R:      0/s (0)
[Jul  4 21:23:59] [INFO] [  8m0s] C:    3000/s (1681878) N:     200/s (123414) W:       0/s (0) R:      0/s (0)
[Jul  4 21:24:59] [INFO] [  9m0s] C:    3000/s (1975578) N:     200/s (138257) W:       0/s (0) R:      0/s (0)
[Jul  4 21:25:59] [INFO] [ 10m0s] C:    3000/s (2293203) N:     200/s (155377) W:       0/s (0) R:      0/s (0)
[Jul  4 21:26:59] [INFO] [ 11m0s] C:    3000/s (2605591) N:     200/s (176424) W:       0/s (0) R:      0/s (0)
[Jul  4 21:27:59] [INFO] [ 12m0s] C:    4000/s (2908474) N:     200/s (190390) W:       0/s (0) R:      0/s (0)
[Jul  4 21:28:59] [INFO] [ 13m0s] C:    4000/s (3446891) N:     200/s (203969) W:       0/s (0) R:      0/s (0)
[Jul  4 21:29:59] [INFO] [ 14m0s] C:    4000/s (3959118) N:     200/s (220756) W:       0/s (0) R:      0/s (0)
[Jul  4 21:30:59] [INFO] [ 15m0s] C:    4000/s (4399060) N:     200/s (235147) W:       0/s (0) R:      0/s (0)
[Jul  4 21:31:59] [INFO] [ 16m0s] C:    5000/s (5054610) N:     200/s (255320) W:       0/s (0) R:      0/s (0)
[Jul  4 21:32:59] [INFO] [ 17m0s] C:    5000/s (5637306) N:     200/s (272285) W:       0/s (0) R:      0/s (0)
[Jul  4 21:33:59] [INFO] [ 18m0s] C:    5000/s (6435832) N:     200/s (286155) W:       0/s (0) R:      0/s (0)
[Jul  4 21:34:59] [INFO] [ 19m0s] C:    6000/s (7389008) N:     200/s (297921) W:       0/s (0) R:      0/s (0)
[Jul  4 21:35:59] [INFO] [ 20m0s] C:    8000/s (9715378) N:     200/s (320707) W:       0/s (0) R:      0/s (0)
[Jul  4 21:36:59] [INFO] [ 21m0s] C:   11000/s (13924478) N:     200/s (371325) W:       0/s (0) R:      0/s (0)
[Jul  4 21:37:59] [INFO] [ 22m0s] C:   14000/s (18541513) N:     300/s (441056) W:       0/s (0) R:      0/s (0)
[Jul  4 21:38:59] [INFO] [ 23m0s] C:   17000/s (24011780) N:     300/s (513074) W:       0/s (0) R:      0/s (0)
[Jul  4 21:39:59] [INFO] [ 24m0s] C:   20000/s (29473480) N:     300/s (575124) W:       0/s (0) R:      0/s (0)
[Jul  4 21:40:59] [INFO] [ 25m0s] C:   23000/s (34516485) N:     400/s (714748) W:       0/s (0) R:      0/s (0)
[Jul  4 21:41:59] [INFO] [ 26m0s] C:   24000/s (37257415) N:     400/s (757582) W:     200/s (8758) R:      0/s (0)
[Jul  4 21:42:59] [INFO] [ 27m0s] C:   24000/s (37257415) N:     400/s (757582) W:     400/s (40040) R:      0/s (0)
[Jul  4 21:43:59] [INFO] [ 28m0s] C:   24000/s (37257415) N:     400/s (757582) W:     400/s (73171) R:      0/s (0)
[Jul  4 21:44:59] [INFO] [ 29m0s] C:   24000/s (37257415) N:     400/s (757582) W:     400/s (101079) R:      0/s (0)
[Jul  4 21:45:59] [INFO] [ 30m0s] C:   24000/s (37257415) N:     400/s (757582) W:     400/s (131325) R:      0/s (0)
[Jul  4 21:46:59] [INFO] [ 31m0s] C:   24000/s (37257415) N:     400/s (757582) W:     400/s (163961) R:      0/s (0)
[Jul  4 21:47:59] [INFO] [ 32m0s] C:   24000/s (37257415) N:     400/s (757582) W:     500/s (198088) R:      0/s (0)
[Jul  4 21:48:59] [INFO] [ 33m0s] C:   24000/s (37257415) N:     400/s (757582) W:     500/s (233901) R:      0/s (0)
[Jul  4 21:49:59] [INFO] [ 34m0s] C:   24000/s (37257415) N:     400/s (757582) W:     500/s (264607) R:      0/s (0)
[Jul  4 21:50:59] [INFO] [ 35m0s] C:   24000/s (37257415) N:     400/s (757582) W:     500/s (293337) R:      0/s (0)
[Jul  4 21:51:59] [INFO] [ 36m0s] C:   24000/s (37257415) N:     400/s (757582) W:     500/s (323271) R:      0/s (0)
[Jul  4 21:52:59] [INFO] [ 37m0s] C:   24000/s (37257415) N:     400/s (757582) W:     500/s (353020) R:      0/s (0)
[Jul  4 21:53:59] [INFO] [ 38m0s] C:   24000/s (37257415) N:     400/s (757582) W:     500/s (390034) R:      0/s (0)
[Jul  4 21:54:59] [INFO] [ 39m0s] C:   24000/s (37257415) N:     400/s (757582) W:     500/s (425913) R:      0/s (0)
[Jul  4 21:55:59] [INFO] [ 40m0s] C:   24000/s (37257415) N:     400/s (757582) W:     500/s (465549) R:      0/s (0)
[Jul  4 21:56:59] [INFO] [ 41m0s] C:   24000/s (37257415) N:     400/s (757582) W:     500/s (506911) R:      0/s (0)
[Jul  4 21:57:59] [INFO] [ 42m0s] C:   24000/s (37257415) N:     400/s (757582) W:     500/s (545145) R:      0/s (0)
[Jul  4 21:58:59] [INFO] [ 43m0s] C:   24000/s (37257415) N:     400/s (757582) W:     500/s (580276) R:      0/s (0)
[Jul  4 21:59:59] [INFO] [ 44m0s] C:   24000/s (37257415) N:     400/s (757582) W:     500/s (628452) R:      0/s (0)
[Jul  4 22:00:59] [INFO] [ 45m0s] C:   24000/s (37257415) N:     400/s (757582) W:     500/s (667076) R:      0/s (0)
[Jul  4 22:01:59] [INFO] [ 46m0s] C:   24000/s (37257415) N:     400/s (757582) W:     500/s (704384) R:      0/s (0)
[Jul  4 22:02:59] [INFO] [ 47m0s] C:   24000/s (37257415) N:     400/s (757582) W:     500/s (740878) R:      0/s (0)
[Jul  4 22:03:59] [INFO] [ 48m0s] C:   24000/s (37257415) N:     400/s (757582) W:     500/s (778207) R:      0/s (0)
[Jul  4 22:04:59] [INFO] [ 49m0s] C:   24000/s (37257415) N:     400/s (757582) W:     500/s (830848) R:      0/s (0)
[Jul  4 22:05:59] [INFO] [ 50m0s] C:   24000/s (37257415) N:     400/s (757582) W:     500/s (872945) R:      0/s (0)
[Jul  4 22:06:59] [INFO] [ 51m0s] C:   24000/s (37257415) N:     400/s (757582) W:     600/s (933747) R:      0/s (0)
[Jul  4 22:07:59] [INFO] [ 52m0s] C:   24000/s (37257415) N:     400/s (757582) W:     600/s (979512) R:      0/s (0)
[Jul  4 22:08:59] [INFO] [ 53m0s] C:   24000/s (37257415) N:     400/s (757582) W:     600/s (1027728) R:      0/s (0)
[Jul  4 22:09:59] [INFO] [ 54m0s] C:   24000/s (37257415) N:     400/s (757582) W:     600/s (1072791) R:      0/s (0)
[Jul  4 22:10:59] [INFO] [ 55m0s] C:   24000/s (37257415) N:     400/s (757582) W:     600/s (1117425) R:      0/s (0)
[Jul  4 22:11:59] [INFO] [ 56m0s] C:   24000/s (37257415) N:     400/s (757582) W:     600/s (1163744) R:      0/s (0)
[Jul  4 22:12:59] [INFO] [ 57m0s] C:   24000/s (37257415) N:     400/s (757582) W:     600/s (1218795) R:      0/s (0)
[Jul  4 22:13:59] [INFO] [ 58m0s] C:   24000/s (37257415) N:     400/s (757582) W:     600/s (1274828) R:      0/s (0)
[Jul  4 22:14:59] [INFO] [ 59m0s] C:   24000/s (37257415) N:     400/s (757582) W:     600/s (1378926) R:      0/s (0)
[Jul  4 22:15:59] [INFO] [1h0m0s] C:   24000/s (37257415) N:     400/s (757582) W:     700/s (1478200) R:      0/s (0)
[Jul  4 22:16:59] [INFO] [1h1m0s] C:   24000/s (37257415) N:     400/s (757582) W:     700/s (1588646) R:      0/s (0)
[Jul  4 22:17:59] [INFO] [1h2m0s] C:   24000/s (37257415) N:     400/s (757582) W:     800/s (1774379) R:      0/s (0)
[Jul  4 22:18:59] [INFO] [1h3m0s] C:   24000/s (37257415) N:     400/s (757582) W:     900/s (2063909) R:      0/s (0)
[Jul  4 22:19:59] [INFO] [1h4m0s] C:   24000/s (37257415) N:     400/s (757582) W:    1000/s (2338399) R:      0/s (0)
[Jul  4 22:20:59] [INFO] [1h5m0s] C:   24000/s (37257415) N:     400/s (757582) W:    1000/s (2588543) R:      0/s (0)
[Jul  4 22:21:59] [INFO] [1h6m0s] C:   24000/s (37257415) N:     400/s (757582) W:    1100/s (2827709) R:      0/s (0)
[Jul  4 22:22:59] [INFO] [1h7m0s] C:   24000/s (37257415) N:     400/s (757582) W:    1300/s (3268273) R:      0/s (0)
[Jul  4 22:23:59] [INFO] [1h8m0s] C:   24000/s (37257415) N:     400/s (757582) W:    1800/s (4672412) R:      0/s (0)
[Jul  4 22:24:59] [INFO] [1h9m0s] C:   24000/s (37257415) N:     400/s (757582) W:    2200/s (5990461) R:      0/s (0)
[Jul  4 22:25:59] [INFO] [1h10m0s] C:   24000/s (37257415) N:     400/s (757582) W:    2300/s (6216415) R:    400/s (18776)
[Jul  4 22:26:46] [INFO] [diff] Parsing changes, updating cache and removing elements took: 1h10m47.159694545s
[Jul  4 22:26:46] Writing added/modified elements
[Jul  4 22:26:46] [INFO] [1h10m47s] C:   24000/s (37257415) N:     400/s (757582) W:    2300/s (6216415) R:    830/s (78071)
[Jul  4 22:27:46] [INFO] [  1m0s] C:       0/s (0) N:       0/s (0) W:       0/s (0) R:      0/s (0)
[Jul  4 22:28:46] [INFO] [  2m0s] C:       0/s (0) N:       0/s (0) W:       0/s (0) R:      0/s (0)
[Jul  4 22:29:46] [INFO] [  3m0s] C:       0/s (0) N:       0/s (0) W:       0/s (0) R:      0/s (0)
[Jul  4 22:30:46] [INFO] [  4m0s] C:       0/s (0) N:       0/s (0) W:       0/s (0) R:      0/s (0)
[Jul  4 22:31:46] [INFO] [  5m0s] C:       0/s (0) N:       0/s (0) W:       0/s (0) R:      0/s (0)
[Jul  4 22:32:46] [INFO] [  6m0s] C:       0/s (0) N:       0/s (0) W:       0/s (0) R:      0/s (0)
[Jul  4 22:33:46] [INFO] [  7m0s] C:       0/s (0) N:       0/s (0) W:       0/s (0) R:      0/s (0)
[Jul  4 22:34:46] [INFO] [  8m0s] C:       0/s (0) N:       0/s (0) W:       0/s (0) R:      0/s (0)
[Jul  4 22:35:46] [INFO] [  9m0s] C:       0/s (0) N:       0/s (0) W:       0/s (0) R:      0/s (0)
[Jul  4 22:36:46] [INFO] [ 10m0s] C:       0/s (0) N:       0/s (0) W:       0/s (0) R:     10/s (507)
[Jul  4 22:37:46] [INFO] [ 11m0s] C:       0/s (0) N:       0/s (0) W:       0/s (0) R:      0/s (902)
[Jul  4 22:38:46] [INFO] [ 12m0s] C:       0/s (0) N:       0/s (0) W:       0/s (0) R:      0/s (1465)
[Jul  4 22:39:46] [INFO] [ 13m0s] C:       0/s (0) N:       0/s (0) W:       0/s (0) R:      0/s (2123)
[Jul  4 22:40:46] [INFO] [ 14m0s] C:       0/s (0) N:       0/s (0) W:       0/s (0) R:      0/s (2862)
[Jul  4 22:41:46] [INFO] [ 15m0s] C:       0/s (0) N:       0/s (0) W:       0/s (0) R:     10/s (3584)
[Jul  4 22:42:46] [INFO] [ 16m0s] C:       0/s (0) N:       0/s (0) W:       0/s (0) R:     10/s (4357)
[Jul  4 22:43:46] [INFO] [ 17m0s] C:       0/s (0) N:       0/s (0) W:       0/s (0) R:     10/s (5149)
[Jul  4 22:44:46] [INFO] [ 18m0s] C:       0/s (0) N:       0/s (0) W:       0/s (0) R:     10/s (5932)
[Jul  4 22:45:46] [INFO] [ 19m0s] C:       0/s (0) N:       0/s (0) W:       0/s (0) R:     10/s (6766)
[Jul  4 22:46:46] [INFO] [ 20m0s] C:       0/s (0) N:       0/s (0) W:       0/s (0) R:     10/s (7472)
[Jul  4 22:47:46] [INFO] [ 21m0s] C:       0/s (0) N:       0/s (0) W:       0/s (0) R:     10/s (8274)
[Jul  4 22:48:46] [INFO] [ 22m0s] C:       0/s (0) N:       0/s (0) W:       0/s (0) R:     10/s (8982)
[Jul  4 22:49:46] [INFO] [ 23m0s] C:       0/s (0) N:       0/s (0) W:       0/s (0) R:     10/s (9836)
[Jul  4 22:50:46] [INFO] [ 24m0s] C:       0/s (0) N:       0/s (0) W:       0/s (0) R:     10/s (10574)
[Jul  4 22:51:46] [INFO] [ 25m0s] C:       0/s (0) N:       0/s (0) W:       0/s (0) R:     10/s (11414)
[Jul  4 22:52:46] [INFO] [ 26m0s] C:       0/s (0) N:       0/s (0) W:       0/s (0) R:     10/s (12153)
[Jul  4 22:53:46] [INFO] [ 27m0s] C:       0/s (0) N:       0/s (0) W:       0/s (0) R:     10/s (13170)
[Jul  4 22:54:46] [INFO] [ 28m0s] C:       0/s (0) N:       0/s (0) W:       0/s (0) R:     10/s (14073)
[Jul  4 22:55:46] [INFO] [ 29m0s] C:       0/s (0) N:       0/s (0) W:       0/s (0) R:     10/s (15157)
[Jul  4 22:56:46] [INFO] [ 30m0s] C:       0/s (0) N:       0/s (0) W:       0/s (0) R:     10/s (16355)
[Jul  4 22:57:46] [INFO] [ 31m0s] C:       0/s (0) N:       0/s (0) W:       0/s (0) R:     10/s (17625)
[Jul  4 22:58:46] [INFO] [ 32m0s] C:       0/s (0) N:       0/s (0) W:       0/s (0) R:     10/s (18586)
[Jul  4 22:59:46] [INFO] [ 33m0s] C:       0/s (0) N:       0/s (0) W:       0/s (0) R:     10/s (19645)
[Jul  4 23:00:46] [INFO] [ 34m0s] C:       0/s (0) N:       0/s (0) W:       0/s (0) R:     10/s (20846)
[Jul  4 23:01:46] [INFO] [ 35m0s] C:       0/s (0) N:       0/s (0) W:       0/s (0) R:     10/s (21937)
[Jul  4 23:02:46] [INFO] [ 36m0s] C:       0/s (0) N:       0/s (0) W:       0/s (0) R:     10/s (23021)
[Jul  4 23:03:46] [INFO] [ 37m0s] C:       0/s (0) N:       0/s (0) W:       0/s (0) R:     10/s (24055)
[Jul  4 23:04:46] [INFO] [ 38m0s] C:       0/s (0) N:       0/s (0) W:       0/s (0) R:     10/s (25163)
[Jul  4 23:05:46] [INFO] [ 39m0s] C:       0/s (0) N:       0/s (0) W:       0/s (0) R:     10/s (26209)
[Jul  4 23:06:46] [INFO] [ 40m0s] C:       0/s (0) N:       0/s (0) W:       0/s (0) R:     10/s (27226)
[Jul  4 23:07:46] [INFO] [ 41m0s] C:       0/s (0) N:       0/s (0) W:       0/s (0) R:     10/s (28214)
[Jul  4 23:08:46] [INFO] [ 42m0s] C:       0/s (0) N:       0/s (0) W:       0/s (0) R:     10/s (29354)
[Jul  4 23:09:46] [INFO] [ 43m0s] C:       0/s (0) N:       0/s (0) W:       0/s (0) R:     10/s (30543)
[Jul  4 23:10:46] [INFO] [ 44m0s] C:       0/s (0) N:       0/s (0) W:       0/s (0) R:     10/s (31407)
[Jul  4 23:11:46] [INFO] [ 45m0s] C:       0/s (0) N:       0/s (0) W:       0/s (0) R:     10/s (32259)
[Jul  4 23:12:46] [INFO] [ 46m0s] C:       0/s (0) N:       0/s (0) W:       0/s (0) R:     10/s (33296)
[Jul  4 23:13:46] [INFO] [ 47m0s] C:       0/s (0) N:       0/s (0) W:       0/s (0) R:     10/s (34318)
[Jul  4 23:14:39] [INFO] [GEOS] TopologyException: side location conflict at 721638.69519746269 1016915.567621069
[Jul  4 23:14:46] [INFO] [ 48m0s] C:       0/s (0) N:       0/s (0) W:       0/s (0) R:     10/s (35391)
[Jul  4 23:15:46] [INFO] [ 49m0s] C:       0/s (0) N:       0/s (0) W:       0/s (0) R:     10/s (36541)
[Jul  4 23:16:46] [INFO] [ 50m0s] C:       0/s (0) N:       0/s (0) W:       0/s (0) R:     10/s (37157)
[Jul  4 23:17:46] [INFO] [ 51m0s] C:       0/s (0) N:       0/s (0) W:       0/s (0) R:     10/s (38202)
[Jul  4 23:18:46] [INFO] [ 52m0s] C:       0/s (0) N:       0/s (0) W:       0/s (0) R:     10/s (39095)
[Jul  4 23:19:46] [INFO] [ 53m0s] C:       0/s (0) N:       0/s (0) W:       0/s (0) R:     10/s (40169)
[Jul  4 23:20:46] [INFO] [ 54m0s] C:       0/s (0) N:       0/s (0) W:       0/s (0) R:     10/s (41147)
[Jul  4 23:21:46] [INFO] [ 55m0s] C:       0/s (0) N:       0/s (0) W:       0/s (0) R:     10/s (42106)
[Jul  4 23:22:46] [INFO] [ 56m0s] C:       0/s (0) N:       0/s (0) W:       0/s (0) R:     10/s (43109)
[Jul  4 23:23:46] [INFO] [ 57m0s] C:       0/s (0) N:       0/s (0) W:       0/s (0) R:     10/s (44176)
[Jul  4 23:24:46] [INFO] [ 58m0s] C:       0/s (0) N:       0/s (0) W:       0/s (0) R:     10/s (45240)
[Jul  4 23:25:46] [INFO] [ 59m0s] C:       0/s (0) N:       0/s (0) W:       0/s (0) R:     10/s (46283)
[Jul  4 23:26:46] [INFO] [1h0m0s] C:       0/s (0) N:       0/s (0) W:       0/s (0) R:     10/s (47370)
[Jul  4 23:27:46] [INFO] [1h1m0s] C:       0/s (0) N:       0/s (0) W:       0/s (0) R:     10/s (48474)
[Jul  4 23:28:46] [INFO] [1h2m0s] C:       0/s (0) N:       0/s (0) W:       0/s (0) R:     10/s (49436)
[Jul  4 23:29:46] [INFO] [1h3m0s] C:       0/s (0) N:       0/s (0) W:       0/s (0) R:     10/s (50394)
[Jul  4 23:30:46] [INFO] [1h4m0s] C:       0/s (0) N:       0/s (0) W:       0/s (0) R:     10/s (51406)
[Jul  4 23:31:46] [INFO] [1h5m0s] C:       0/s (0) N:       0/s (0) W:       0/s (0) R:     10/s (52298)
[Jul  4 23:32:46] [INFO] [1h6m0s] C:       0/s (0) N:       0/s (0) W:       0/s (0) R:     10/s (53337)
[Jul  4 23:33:46] [INFO] [1h7m0s] C:       0/s (0) N:       0/s (0) W:       0/s (0) R:     10/s (54389)
[Jul  4 23:34:46] [INFO] [1h8m0s] C:       0/s (0) N:       0/s (0) W:       0/s (0) R:     10/s (55372)
[Jul  4 23:35:46] [INFO] [1h9m0s] C:       0/s (0) N:       0/s (0) W:       0/s (0) R:     10/s (56407)
[Jul  4 23:36:46] [INFO] [1h10m0s] C:       0/s (0) N:       0/s (0) W:       0/s (0) R:     10/s (56972)
[Jul  4 23:37:46] [INFO] [1h11m0s] C:       0/s (0) N:       0/s (0) W:       0/s (0) R:     10/s (57336)
[Jul  4 23:38:46] [INFO] [1h12m0s] C:       0/s (0) N:       0/s (0) W:       0/s (0) R:     10/s (58411)
[Jul  4 23:39:46] [INFO] [1h13m0s] C:       0/s (0) N:       0/s (0) W:       0/s (0) R:     10/s (59471)
[Jul  4 23:40:46] [INFO] [1h14m0s] C:       0/s (0) N:       0/s (0) W:       0/s (0) R:     10/s (60406)
[Jul  4 23:41:46] [INFO] [1h15m0s] C:       0/s (0) N:       0/s (0) W:       0/s (0) R:     10/s (61337)
[Jul  4 23:42:46] [INFO] [1h16m0s] C:       0/s (0) N:       0/s (0) W:       0/s (0) R:     10/s (62545)
[Jul  4 23:43:46] [INFO] [1h17m0s] C:       0/s (0) N:       0/s (0) W:       0/s (0) R:     10/s (63411)
[Jul  4 23:44:46] [INFO] [1h18m0s] C:       0/s (0) N:       0/s (0) W:       0/s (0) R:     10/s (64651)
[Jul  4 23:45:46] [INFO] [1h19m0s] C:       0/s (0) N:       0/s (0) W:       0/s (0) R:     10/s (65837)
[Jul  4 23:46:46] [INFO] [1h20m0s] C:       0/s (0) N:       0/s (0) W:       0/s (0) R:     10/s (66947)
[Jul  4 23:47:46] [INFO] [1h21m0s] C:       0/s (0) N:       0/s (0) W:       0/s (0) R:     10/s (67804)
[Jul  4 23:48:46] [INFO] [1h22m0s] C:       0/s (0) N:       0/s (0) W:       0/s (0) R:     10/s (68839)
[Jul  4 23:49:46] [INFO] [1h23m0s] C:       0/s (0) N:       0/s (0) W:       0/s (0) R:     10/s (69633)
[Jul  4 23:50:46] [INFO] [1h24m0s] C:       0/s (0) N:       0/s (0) W:       0/s (0) R:     10/s (70673)
[Jul  4 23:51:46] [INFO] [1h25m0s] C:       0/s (0) N:       0/s (0) W:       0/s (0) R:     10/s (71780)
[Jul  4 23:52:46] [INFO] [1h26m0s] C:       0/s (0) N:       0/s (0) W:       0/s (0) R:     10/s (72937)
[Jul  4 23:53:46] [INFO] [1h27m0s] C:       0/s (0) N:       0/s (0) W:       0/s (0) R:     10/s (74093)
[Jul  4 23:54:46] [INFO] [1h28m0s] C:       0/s (0) N:       0/s (0) W:       0/s (0) R:     10/s (75190)
[Jul  4 23:55:46] [INFO] [1h29m0s] C:       0/s (0) N:       0/s (0) W:       0/s (0) R:     10/s (76177)
[Jul  4 23:56:46] [INFO] [1h30m0s] C:       0/s (0) N:       0/s (0) W:       0/s (0) R:     10/s (77242)
[Jul  4 23:57:46] [INFO] [1h31m0s] C:       0/s (0) N:       0/s (0) W:       0/s (0) R:     10/s (78461)
[Jul  4 23:58:46] [INFO] [1h32m0s] C:       0/s (0) N:       0/s (0) W:       0/s (0) R:     10/s (79656)
[Jul  4 23:59:46] [INFO] [1h33m0s] C:       0/s (0) N:       0/s (0) W:       0/s (0) R:     10/s (80526)
[Jul  5 00:00:46] [INFO] [1h34m0s] C:       0/s (0) N:       0/s (0) W:       0/s (0) R:     10/s (81653)
[Jul  5 00:01:46] [INFO] [1h35m0s] C:       0/s (0) N:       0/s (0) W:       0/s (0) R:     10/s (82657)
[Jul  5 00:02:46] [INFO] [1h36m0s] C:       0/s (0) N:       0/s (0) W:       0/s (0) R:     10/s (84014)
[Jul  5 00:03:46] [INFO] [1h37m0s] C:       0/s (0) N:       0/s (0) W:       0/s (0) R:     10/s (85315)
[Jul  5 00:04:46] [INFO] [1h38m0s] C:       0/s (0) N:       0/s (0) W:       0/s (0) R:     10/s (86314)
[Jul  5 00:05:46] [INFO] [1h39m0s] C:       0/s (0) N:       0/s (0) W:       0/s (0) R:     10/s (87380)
[Jul  5 00:06:46] [INFO] [1h40m0s] C:       0/s (0) N:       0/s (0) W:       0/s (0) R:     10/s (88270)
[Jul  5 00:07:46] [INFO] [1h41m0s] C:       0/s (0) N:       0/s (0) W:       0/s (0) R:     10/s (89179)
[Jul  5 00:08:46] [INFO] [1h42m0s] C:       0/s (0) N:       0/s (0) W:       0/s (0) R:     10/s (90287)
[Jul  5 00:09:46] [INFO] [1h43m0s] C:       0/s (0) N:       0/s (0) W:       0/s (0) R:     10/s (91470)
[Jul  5 00:10:46] [INFO] [1h44m0s] C:       0/s (0) N:       0/s (0) W:       0/s (0) R:     10/s (92427)
[Jul  5 00:11:46] [INFO] [1h45m0s] C:       0/s (0) N:       0/s (0) W:       0/s (0) R:     10/s (93606)
[Jul  5 00:12:46] [INFO] [1h46m0s] C:       0/s (0) N:       0/s (0) W:       0/s (0) R:     10/s (94549)
[Jul  5 00:13:46] [INFO] [1h47m0s] C:       0/s (0) N:       0/s (0) W:       0/s (0) R:     10/s (95549)
[Jul  5 00:14:46] [INFO] [1h48m0s] C:       0/s (0) N:       0/s (0) W:       0/s (0) R:     10/s (96581)
[Jul  5 00:15:46] [INFO] [1h49m0s] C:       0/s (0) N:       0/s (0) W:       0/s (0) R:     10/s (97849)
[Jul  5 00:16:46] [INFO] [1h50m0s] C:       0/s (0) N:       0/s (0) W:       0/s (0) R:     10/s (98977)
[Jul  5 00:17:46] [INFO] [1h51m0s] C:       0/s (0) N:       0/s (0) W:     400/s (22743) R:     10/s (99116)
[Jul  5 00:18:46] [INFO] [1h52m0s] C:       0/s (0) N:       0/s (0) W:     400/s (52580) R:     10/s (99116)
[Jul  5 00:19:46] [INFO] [1h53m0s] C:       0/s (0) N:       0/s (0) W:     400/s (79037) R:     10/s (99116)
[Jul  5 00:20:46] [INFO] [1h54m0s] C:       0/s (0) N:       0/s (0) W:     400/s (109488) R:     10/s (99116)
[Jul  5 00:21:46] [INFO] [1h55m0s] C:       0/s (0) N:       0/s (0) W:     400/s (138185) R:     10/s (99116)
[Jul  5 00:22:46] [INFO] [1h56m0s] C:       0/s (0) N:       0/s (0) W:     400/s (164675) R:     10/s (99116)
[Jul  5 00:23:46] [INFO] [1h57m0s] C:       0/s (0) N:       0/s (0) W:     400/s (196396) R:     10/s (99116)
[Jul  5 00:24:46] [INFO] [1h58m0s] C:       0/s (0) N:       0/s (0) W:     400/s (223958) R:     10/s (99116)
[Jul  5 00:25:46] [INFO] [1h59m0s] C:       0/s (0) N:       0/s (0) W:     400/s (251691) R:     10/s (99116)
[Jul  5 00:26:46] [INFO] [2h0m0s] C:       0/s (0) N:       0/s (0) W:     400/s (284861) R:     10/s (99116)
[Jul  5 00:27:46] [INFO] [2h1m0s] C:       0/s (0) N:       0/s (0) W:     400/s (316197) R:     10/s (99116)
[Jul  5 00:28:46] [INFO] [2h2m0s] C:       0/s (0) N:       0/s (0) W:     400/s (349649) R:     10/s (99116)
[Jul  5 00:29:46] [INFO] [2h3m0s] C:       0/s (0) N:       0/s (0) W:     400/s (379995) R:     10/s (99116)
[Jul  5 00:30:46] [INFO] [2h4m0s] C:       0/s (0) N:       0/s (0) W:     400/s (410436) R:     10/s (99116)
[Jul  5 00:31:46] [INFO] [2h5m0s] C:       0/s (0) N:       0/s (0) W:     400/s (445510) R:     10/s (99116)
[Jul  5 00:32:46] [INFO] [2h6m0s] C:       0/s (0) N:       0/s (0) W:     400/s (474431) R:     10/s (99116)
[Jul  5 00:33:46] [INFO] [2h7m0s] C:       0/s (0) N:       0/s (0) W:     500/s (507943) R:     10/s (99116)
[Jul  5 00:34:46] [INFO] [2h8m0s] C:       0/s (0) N:       0/s (0) W:     500/s (538693) R:     10/s (99116)
[Jul  5 00:35:46] [INFO] [2h9m0s] C:       0/s (0) N:       0/s (0) W:     500/s (573155) R:     10/s (99116)
[Jul  5 00:36:46] [INFO] [2h10m0s] C:       0/s (0) N:       0/s (0) W:     500/s (605769) R:     10/s (99116)
[Jul  5 00:37:46] [INFO] [2h11m0s] C:       0/s (0) N:       0/s (0) W:     500/s (635388) R:     10/s (99116)
[Jul  5 00:38:46] [INFO] [2h12m0s] C:       0/s (0) N:       0/s (0) W:     500/s (670973) R:     10/s (99116)
[Jul  5 00:39:46] [INFO] [2h13m0s] C:       0/s (0) N:       0/s (0) W:     500/s (700838) R:     10/s (99116)
[Jul  5 00:40:46] [INFO] [2h14m0s] C:       0/s (0) N:       0/s (0) W:     500/s (735621) R:     10/s (99116)
[Jul  5 00:41:46] [INFO] [2h15m0s] C:       0/s (0) N:       0/s (0) W:     500/s (766958) R:     10/s (99116)
[Jul  5 00:42:46] [INFO] [2h16m0s] C:       0/s (0) N:       0/s (0) W:     500/s (800694) R:     10/s (99116)
[Jul  5 00:43:46] [INFO] [2h17m0s] C:       0/s (0) N:       0/s (0) W:     500/s (832073) R:     10/s (99116)
[Jul  5 00:44:46] [INFO] [2h18m0s] C:       0/s (0) N:       0/s (0) W:     500/s (863668) R:     10/s (99116)
[Jul  5 00:45:46] [INFO] [2h19m0s] C:       0/s (0) N:       0/s (0) W:     500/s (900614) R:     10/s (99116)
[Jul  5 00:46:46] [INFO] [2h20m0s] C:       0/s (0) N:       0/s (0) W:     500/s (932138) R:     10/s (99116)
[Jul  5 00:47:46] [INFO] [2h21m0s] C:       0/s (0) N:       0/s (0) W:     500/s (968011) R:     10/s (99116)
[Jul  5 00:48:46] [INFO] [2h22m0s] C:       0/s (0) N:       0/s (0) W:     500/s (999439) R:     10/s (99116)
[Jul  5 00:49:46] [INFO] [2h23m0s] C:       0/s (0) N:       0/s (0) W:     500/s (1035216) R:     10/s (99116)
[Jul  5 00:50:46] [INFO] [2h24m0s] C:       0/s (0) N:       0/s (0) W:     500/s (1066331) R:     10/s (99116)
[Jul  5 00:51:46] [INFO] [2h25m0s] C:       0/s (0) N:       0/s (0) W:     500/s (1101996) R:     10/s (99116)
[Jul  5 00:52:46] [INFO] [2h26m0s] C:       0/s (0) N:       0/s (0) W:     500/s (1136261) R:     10/s (99116)
[Jul  5 00:53:46] [INFO] [2h27m0s] C:       0/s (0) N:       0/s (0) W:     500/s (1168603) R:     10/s (99116)
[Jul  5 00:54:46] [INFO] [2h28m0s] C:       0/s (0) N:       0/s (0) W:     500/s (1203305) R:     10/s (99116)
[Jul  5 00:55:46] [INFO] [2h29m0s] C:       0/s (0) N:       0/s (0) W:     500/s (1233357) R:     10/s (99116)
[Jul  5 00:56:46] [INFO] [2h30m0s] C:       0/s (0) N:       0/s (0) W:     500/s (1270229) R:     10/s (99116)
[Jul  5 00:57:46] [INFO] [2h31m0s] C:       0/s (0) N:       0/s (0) W:     500/s (1300887) R:     10/s (99116)
[Jul  5 00:58:46] [INFO] [2h32m0s] C:       0/s (0) N:       0/s (0) W:     500/s (1339160) R:     10/s (99116)
[Jul  5 00:59:46] [INFO] [2h33m0s] C:       0/s (0) N:       0/s (0) W:     500/s (1371012) R:     10/s (99116)
[Jul  5 01:00:46] [INFO] [2h34m0s] C:       0/s (0) N:       0/s (0) W:     500/s (1406779) R:     10/s (99116)
[Jul  5 01:01:46] [INFO] [2h35m0s] C:       0/s (0) N:       0/s (0) W:     500/s (1438359) R:     10/s (99116)
[Jul  5 01:02:46] [INFO] [2h36m0s] C:       0/s (0) N:       0/s (0) W:     500/s (1473699) R:     10/s (99116)
[Jul  5 01:03:46] [INFO] [2h37m0s] C:       0/s (0) N:       0/s (0) W:     500/s (1504674) R:     10/s (99116)
[Jul  5 01:04:46] [INFO] [2h38m0s] C:       0/s (0) N:       0/s (0) W:     500/s (1538099) R:     10/s (99116)
[Jul  5 01:05:46] [INFO] [2h39m0s] C:       0/s (0) N:       0/s (0) W:     500/s (1571477) R:     10/s (99116)
[Jul  5 01:06:46] [INFO] [2h40m0s] C:       0/s (0) N:       0/s (0) W:     500/s (1604754) R:     10/s (99116)
[Jul  5 01:07:46] [INFO] [2h41m0s] C:       0/s (0) N:       0/s (0) W:     500/s (1637920) R:     10/s (99116)
[Jul  5 01:08:46] [INFO] [2h42m0s] C:       0/s (0) N:       0/s (0) W:     500/s (1670148) R:     10/s (99116)
[Jul  5 01:09:46] [INFO] [2h43m0s] C:       0/s (0) N:       0/s (0) W:     500/s (1704368) R:     10/s (99116)
[Jul  5 01:10:46] [INFO] [2h44m0s] C:       0/s (0) N:       0/s (0) W:     500/s (1736106) R:     10/s (99116)
[Jul  5 01:11:46] [INFO] [2h45m0s] C:       0/s (0) N:       0/s (0) W:     500/s (1773676) R:     10/s (99116)
[Jul  5 01:12:46] [INFO] [2h46m0s] C:       0/s (0) N:       0/s (0) W:     500/s (1805655) R:     10/s (99116)
[Jul  5 01:13:46] [INFO] [2h47m0s] C:       0/s (0) N:       0/s (0) W:     500/s (1841070) R:     10/s (99116)
[Jul  5 01:14:46] [INFO] [2h48m0s] C:       0/s (0) N:       0/s (0) W:     500/s (1871415) R:     10/s (99116)
[Jul  5 01:15:46] [INFO] [2h49m0s] C:       0/s (0) N:       0/s (0) W:     500/s (1908071) R:     10/s (99116)
[Jul  5 01:16:46] [INFO] [2h50m0s] C:       0/s (0) N:       0/s (0) W:     500/s (1938704) R:     10/s (99116)
[Jul  5 01:17:46] [INFO] [2h51m0s] C:       0/s (0) N:       0/s (0) W:     500/s (1975380) R:     10/s (99116)
[Jul  5 01:18:46] [INFO] [2h52m0s] C:       0/s (0) N:       0/s (0) W:     500/s (2008738) R:     10/s (99116)
[Jul  5 01:19:46] [INFO] [2h53m0s] C:       0/s (0) N:       0/s (0) W:     500/s (2045598) R:     10/s (99116)
[Jul  5 01:20:46] [INFO] [2h54m0s] C:       0/s (0) N:       0/s (0) W:     500/s (2077356) R:     10/s (99116)
[Jul  5 01:21:46] [INFO] [2h55m0s] C:       0/s (0) N:       0/s (0) W:     500/s (2114310) R:     10/s (99116)
[Jul  5 01:22:46] [INFO] [2h56m0s] C:       0/s (0) N:       0/s (0) W:     500/s (2144436) R:     10/s (99116)
[Jul  5 01:23:46] [INFO] [2h57m0s] C:       0/s (0) N:       0/s (0) W:     500/s (2180263) R:     10/s (99116)
[Jul  5 01:24:46] [INFO] [2h58m0s] C:       0/s (0) N:       0/s (0) W:     500/s (2210964) R:     10/s (99116)
[Jul  5 01:25:46] [INFO] [2h59m0s] C:       0/s (0) N:       0/s (0) W:     500/s (2244495) R:     10/s (99116)
[Jul  5 01:26:46] [INFO] [3h0m0s] C:       0/s (0) N:       0/s (0) W:     500/s (2274469) R:     10/s (99116)
[Jul  5 01:27:46] [INFO] [3h1m0s] C:       0/s (0) N:       0/s (0) W:     500/s (2308689) R:     10/s (99116)
[Jul  5 01:28:46] [INFO] [3h2m0s] C:       0/s (0) N:       0/s (0) W:     500/s (2340085) R:     10/s (99116)
[Jul  5 01:29:46] [INFO] [3h3m0s] C:       0/s (0) N:       0/s (0) W:     500/s (2375061) R:     10/s (99116)
[Jul  5 01:30:46] [INFO] [3h4m0s] C:       0/s (0) N:       0/s (0) W:     500/s (2405050) R:     10/s (99116)
[Jul  5 01:31:46] [INFO] [3h5m0s] C:       0/s (0) N:       0/s (0) W:     500/s (2437780) R:     10/s (99116)
[Jul  5 01:32:46] [INFO] [3h6m0s] C:       0/s (0) N:       0/s (0) W:     500/s (2470091) R:     10/s (99116)
[Jul  5 01:33:46] [INFO] [3h7m0s] C:       0/s (0) N:       0/s (0) W:     500/s (2501541) R:     10/s (99116)
[Jul  5 01:34:46] [INFO] [3h8m0s] C:       0/s (0) N:       0/s (0) W:     500/s (2535968) R:     10/s (99116)
[Jul  5 01:35:46] [INFO] [3h9m0s] C:       0/s (0) N:       0/s (0) W:     500/s (2571198) R:     10/s (99116)
[Jul  5 01:36:46] [INFO] [3h10m0s] C:       0/s (0) N:       0/s (0) W:     500/s (2605112) R:     10/s (99116)
[Jul  5 01:37:46] [INFO] [3h11m0s] C:       0/s (0) N:       0/s (0) W:     500/s (2638443) R:     10/s (99116)
[Jul  5 01:38:46] [INFO] [3h12m0s] C:       0/s (0) N:       0/s (0) W:     500/s (2671586) R:     10/s (99116)
[Jul  5 01:39:46] [INFO] [3h13m0s] C:       0/s (0) N:       0/s (0) W:     500/s (2703686) R:     10/s (99116)
[Jul  5 01:40:46] [INFO] [3h14m0s] C:       0/s (0) N:       0/s (0) W:     500/s (2737271) R:     10/s (99116)
[Jul  5 01:41:46] [INFO] [3h15m0s] C:       0/s (0) N:       0/s (0) W:     500/s (2770589) R:     10/s (99116)
[Jul  5 01:42:46] [INFO] [3h16m0s] C:       0/s (0) N:       0/s (0) W:     500/s (2802452) R:     10/s (99116)
[Jul  5 01:43:46] [INFO] [3h17m0s] C:       0/s (0) N:       0/s (0) W:     500/s (2834461) R:     10/s (99116)
[Jul  5 01:44:46] [INFO] [3h18m0s] C:       0/s (0) N:       0/s (0) W:     500/s (2868594) R:     10/s (99116)
[Jul  5 01:45:46] [INFO] [3h19m0s] C:       0/s (0) N:       0/s (0) W:     500/s (2898751) R:     10/s (99116)
[Jul  5 01:46:46] [INFO] [3h20m0s] C:       0/s (0) N:       0/s (0) W:     500/s (2933248) R:     10/s (99116)
[Jul  5 01:47:46] [INFO] [3h21m0s] C:       0/s (0) N:       0/s (0) W:     500/s (2966395) R:     10/s (99116)
[Jul  5 01:48:46] [INFO] [3h22m0s] C:       0/s (0) N:       0/s (0) W:     500/s (3002183) R:     10/s (99116)
[Jul  5 01:49:46] [INFO] [3h23m0s] C:       0/s (0) N:       0/s (0) W:     500/s (3035651) R:     10/s (99116)
[Jul  5 01:50:46] [INFO] [3h24m0s] C:       0/s (0) N:       0/s (0) W:     500/s (3068794) R:     10/s (99116)
[Jul  5 01:51:46] [INFO] [3h25m0s] C:       0/s (0) N:       0/s (0) W:     500/s (3100198) R:     10/s (99116)
[Jul  5 01:52:46] [INFO] [3h26m0s] C:       0/s (0) N:       0/s (0) W:     500/s (3131679) R:     10/s (99116)
[Jul  5 01:53:46] [INFO] [3h27m0s] C:       0/s (0) N:       0/s (0) W:     500/s (3165126) R:     10/s (99116)
[Jul  5 01:54:46] [INFO] [3h28m0s] C:       0/s (0) N:       0/s (0) W:     500/s (3196813) R:     10/s (99116)
[Jul  5 01:55:46] [INFO] [3h29m0s] C:       0/s (0) N:       0/s (0) W:     500/s (3229056) R:     10/s (99116)
[Jul  5 01:56:46] [INFO] [3h30m0s] C:       0/s (0) N:       0/s (0) W:     500/s (3263616) R:     10/s (99116)
[Jul  5 01:57:46] [INFO] [3h31m0s] C:       0/s (0) N:       0/s (0) W:     500/s (3299669) R:     10/s (99116)
[Jul  5 01:58:46] [INFO] [3h32m0s] C:       0/s (0) N:       0/s (0) W:     500/s (3331464) R:     10/s (99116)
[Jul  5 01:59:46] [INFO] [3h33m0s] C:       0/s (0) N:       0/s (0) W:     500/s (3365756) R:     10/s (99116)
[Jul  5 02:00:46] [INFO] [3h34m0s] C:       0/s (0) N:       0/s (0) W:     500/s (3398544) R:     10/s (99116)
[Jul  5 02:01:46] [INFO] [3h35m0s] C:       0/s (0) N:       0/s (0) W:     500/s (3433944) R:     10/s (99116)
[Jul  5 02:02:46] [INFO] [3h36m0s] C:       0/s (0) N:       0/s (0) W:     500/s (3468123) R:     10/s (99116)
[Jul  5 02:03:46] [INFO] [3h37m0s] C:       0/s (0) N:       0/s (0) W:     500/s (3503813) R:     10/s (99116)
[Jul  5 02:04:46] [INFO] [3h38m0s] C:       0/s (0) N:       0/s (0) W:     500/s (3536518) R:     10/s (99116)
[Jul  5 02:05:46] [INFO] [3h39m0s] C:       0/s (0) N:       0/s (0) W:     500/s (3571914) R:     10/s (99116)
[Jul  5 02:06:46] [INFO] [3h40m0s] C:       0/s (0) N:       0/s (0) W:     500/s (3601890) R:     10/s (99116)
[Jul  5 02:07:46] [INFO] [3h41m0s] C:       0/s (0) N:       0/s (0) W:     500/s (3637434) R:     10/s (99116)
[Jul  5 02:08:46] [INFO] [3h42m0s] C:       0/s (0) N:       0/s (0) W:     500/s (3668423) R:     10/s (99116)
[Jul  5 02:09:46] [INFO] [3h43m0s] C:       0/s (0) N:       0/s (0) W:     500/s (3704545) R:     10/s (99116)
[Jul  5 02:10:46] [INFO] [3h44m0s] C:       0/s (0) N:       0/s (0) W:     500/s (3738694) R:     10/s (99116)
[Jul  5 02:11:46] [INFO] [3h45m0s] C:       0/s (0) N:       0/s (0) W:     500/s (3770883) R:     10/s (99116)
[Jul  5 02:12:46] [INFO] [3h46m0s] C:       0/s (0) N:       0/s (0) W:     500/s (3804279) R:     10/s (99116)
[Jul  5 02:13:46] [INFO] [3h47m0s] C:       0/s (0) N:       0/s (0) W:     500/s (3836292) R:     10/s (99116)
[Jul  5 02:14:46] [INFO] [3h48m0s] C:       0/s (0) N:       0/s (0) W:     500/s (3869594) R:     10/s (99116)
[Jul  5 02:15:46] [INFO] [3h49m0s] C:       0/s (0) N:       0/s (0) W:     500/s (3900782) R:     10/s (99116)
[Jul  5 02:16:46] [INFO] [3h50m0s] C:       0/s (0) N:       0/s (0) W:     500/s (3934684) R:     10/s (99116)
[Jul  5 02:17:46] [INFO] [3h51m0s] C:       0/s (0) N:       0/s (0) W:     500/s (3965495) R:     10/s (99116)
[Jul  5 02:18:46] [INFO] [3h52m0s] C:       0/s (0) N:       0/s (0) W:     500/s (3999774) R:     10/s (99116)
[Jul  5 02:19:46] [INFO] [3h53m0s] C:       0/s (0) N:       0/s (0) W:     500/s (4030611) R:     10/s (99116)
[Jul  5 02:20:46] [INFO] [3h54m0s] C:       0/s (0) N:       0/s (0) W:     500/s (4065104) R:     10/s (99116)
[Jul  5 02:21:46] [INFO] [3h55m0s] C:       0/s (0) N:       0/s (0) W:     500/s (4094919) R:     10/s (99116)
[Jul  5 02:22:46] [INFO] [3h56m0s] C:       0/s (0) N:       0/s (0) W:     500/s (4129376) R:     10/s (99116)
[Jul  5 02:23:46] [INFO] [3h57m0s] C:       0/s (0) N:       0/s (0) W:     500/s (4158910) R:     10/s (99116)
[Jul  5 02:24:46] [INFO] [3h58m0s] C:       0/s (0) N:       0/s (0) W:     500/s (4193783) R:     10/s (99116)
[Jul  5 02:25:46] [INFO] [3h59m0s] C:       0/s (0) N:       0/s (0) W:     500/s (4223301) R:     10/s (99116)
[Jul  5 02:26:46] [INFO] [4h0m0s] C:       0/s (0) N:       0/s (0) W:     500/s (4259277) R:     10/s (99116)
[Jul  5 02:27:46] [INFO] [4h1m0s] C:       0/s (0) N:       0/s (0) W:     500/s (4290414) R:     10/s (99116)
[Jul  5 02:28:46] [INFO] [4h2m0s] C:       0/s (0) N:       0/s (0) W:     500/s (4324046) R:     10/s (99116)
[Jul  5 02:29:46] [INFO] [4h3m0s] C:       0/s (0) N:       0/s (0) W:     500/s (4356687) R:     10/s (99116)
[Jul  5 02:30:46] [INFO] [4h4m0s] C:       0/s (0) N:       0/s (0) W:     500/s (4389298) R:     10/s (99116)
[Jul  5 02:31:46] [INFO] [4h5m0s] C:       0/s (0) N:       0/s (0) W:     500/s (4423306) R:     10/s (99116)
[Jul  5 02:32:46] [INFO] [4h6m0s] C:       0/s (0) N:       0/s (0) W:     500/s (4455018) R:     10/s (99116)
[Jul  5 02:33:46] [INFO] [4h7m0s] C:       0/s (0) N:       0/s (0) W:     500/s (4488678) R:     10/s (99116)
[Jul  5 02:34:46] [INFO] [4h8m0s] C:       0/s (0) N:       0/s (0) W:     500/s (4520222) R:     10/s (99116)
[Jul  5 02:35:46] [INFO] [4h9m0s] C:       0/s (0) N:       0/s (0) W:     500/s (4554693) R:     10/s (99116)
[Jul  5 02:36:46] [INFO] [4h10m0s] C:       0/s (0) N:       0/s (0) W:     500/s (4583466) R:     10/s (99116)
[Jul  5 02:37:46] [INFO] [4h11m0s] C:       0/s (0) N:       0/s (0) W:     500/s (4618829) R:     10/s (99116)
[Jul  5 02:38:46] [INFO] [4h12m0s] C:       0/s (0) N:       0/s (0) W:     500/s (4652753) R:     10/s (99116)
[Jul  5 02:39:46] [INFO] [4h13m0s] C:       0/s (0) N:       0/s (0) W:     500/s (4687313) R:     10/s (99116)
[Jul  5 02:40:46] [INFO] [4h14m0s] C:       0/s (0) N:       0/s (0) W:     500/s (4722169) R:     10/s (99116)
[Jul  5 02:41:46] [INFO] [4h15m0s] C:       0/s (0) N:       0/s (0) W:     500/s (4754757) R:     10/s (99116)
[Jul  5 02:42:46] [INFO] [4h16m0s] C:       0/s (0) N:       0/s (0) W:     500/s (4789638) R:     10/s (99116)
[Jul  5 02:43:46] [INFO] [4h17m0s] C:       0/s (0) N:       0/s (0) W:     500/s (4820176) R:     10/s (99116)
[Jul  5 02:44:46] [INFO] [4h18m0s] C:       0/s (0) N:       0/s (0) W:     500/s (4854760) R:     10/s (99116)
[Jul  5 02:45:46] [INFO] [4h19m0s] C:       0/s (0) N:       0/s (0) W:     500/s (4883070) R:     10/s (99116)
[Jul  5 02:46:46] [INFO] [4h20m0s] C:       0/s (0) N:       0/s (0) W:     500/s (4917843) R:     10/s (99116)
[Jul  5 02:47:46] [INFO] [4h21m0s] C:       0/s (0) N:       0/s (0) W:     500/s (4948191) R:     10/s (99116)
[Jul  5 02:48:46] [INFO] [4h22m0s] C:       0/s (0) N:       0/s (0) W:     500/s (4980938) R:     10/s (99116)
[Jul  5 02:49:46] [INFO] [4h23m0s] C:       0/s (0) N:       0/s (0) W:     500/s (5015970) R:     10/s (99116)
[Jul  5 02:50:46] [INFO] [4h24m0s] C:       0/s (0) N:       0/s (0) W:     500/s (5048540) R:     10/s (99116)
[Jul  5 02:51:46] [INFO] [4h25m0s] C:       0/s (0) N:       0/s (0) W:     500/s (5083483) R:     10/s (99116)
[Jul  5 02:52:46] [INFO] [4h26m0s] C:       0/s (0) N:       0/s (0) W:     500/s (5116165) R:     10/s (99116)
[Jul  5 02:53:46] [INFO] [4h27m0s] C:       0/s (0) N:       0/s (0) W:     500/s (5152137) R:     10/s (99116)
[Jul  5 02:54:46] [INFO] [4h28m0s] C:       0/s (0) N:       0/s (0) W:     500/s (5184809) R:     10/s (99116)
[Jul  5 02:55:46] [INFO] [4h29m0s] C:       0/s (0) N:       0/s (0) W:     500/s (5217711) R:     10/s (99116)
[Jul  5 02:56:46] [INFO] [4h30m0s] C:       0/s (0) N:       0/s (0) W:     500/s (5252310) R:     10/s (99116)
[Jul  5 02:57:46] [INFO] [4h31m0s] C:       0/s (0) N:       0/s (0) W:     500/s (5284318) R:     10/s (99116)
[Jul  5 02:58:46] [INFO] [4h32m0s] C:       0/s (0) N:       0/s (0) W:     500/s (5320342) R:     10/s (99116)
[Jul  5 02:59:46] [INFO] [4h33m0s] C:       0/s (0) N:       0/s (0) W:     500/s (5351362) R:     10/s (99116)
[Jul  5 03:00:46] [INFO] [4h34m0s] C:       0/s (0) N:       0/s (0) W:     500/s (5386647) R:     10/s (99116)
[Jul  5 03:01:46] [INFO] [4h35m0s] C:       0/s (0) N:       0/s (0) W:     500/s (5421148) R:     10/s (99116)
[Jul  5 03:02:46] [INFO] [4h36m0s] C:       0/s (0) N:       0/s (0) W:     500/s (5452006) R:     10/s (99116)
[Jul  5 03:03:46] [INFO] [4h37m0s] C:       0/s (0) N:       0/s (0) W:     500/s (5486924) R:     10/s (99116)
[Jul  5 03:04:46] [INFO] [4h38m0s] C:       0/s (0) N:       0/s (0) W:     500/s (5517759) R:     10/s (99116)
[Jul  5 03:05:46] [INFO] [4h39m0s] C:       0/s (0) N:       0/s (0) W:     500/s (5551794) R:     10/s (99116)
[Jul  5 03:06:46] [INFO] [4h40m0s] C:       0/s (0) N:       0/s (0) W:     500/s (5583139) R:     10/s (99116)
[Jul  5 03:07:46] [INFO] [4h41m0s] C:       0/s (0) N:       0/s (0) W:     500/s (5615967) R:     10/s (99116)
[Jul  5 03:08:46] [INFO] [4h42m0s] C:       0/s (0) N:       0/s (0) W:     500/s (5648845) R:     10/s (99116)
[Jul  5 03:09:46] [INFO] [4h43m0s] C:       0/s (0) N:       0/s (0) W:     500/s (5680319) R:     10/s (99116)
[Jul  5 03:10:46] [INFO] [4h44m0s] C:       0/s (0) N:       0/s (0) W:     500/s (5715948) R:     10/s (99116)
[Jul  5 03:11:46] [INFO] [4h45m0s] C:       0/s (0) N:       0/s (0) W:     500/s (5748789) R:     10/s (99116)
[Jul  5 03:12:46] [INFO] [4h46m0s] C:       0/s (0) N:       0/s (0) W:     500/s (5785618) R:     10/s (99116)
[Jul  5 03:13:46] [INFO] [4h47m0s] C:       0/s (0) N:       0/s (0) W:     500/s (5820166) R:     10/s (99116)
[Jul  5 03:14:46] [INFO] [4h48m0s] C:       0/s (0) N:       0/s (0) W:     500/s (5852691) R:     10/s (99116)
[Jul  5 03:15:46] [INFO] [4h49m0s] C:       0/s (0) N:       0/s (0) W:     500/s (5886491) R:     10/s (99116)
[Jul  5 03:16:46] [INFO] [4h50m0s] C:       0/s (0) N:       0/s (0) W:     500/s (5915857) R:     10/s (99116)
[Jul  5 03:17:46] [INFO] [4h51m0s] C:       0/s (0) N:       0/s (0) W:     500/s (5951633) R:     10/s (99116)
[Jul  5 03:18:46] [INFO] [4h52m0s] C:       0/s (0) N:       0/s (0) W:     500/s (5984177) R:     10/s (99116)
[Jul  5 03:19:46] [INFO] [4h53m0s] C:       0/s (0) N:       0/s (0) W:     500/s (6015521) R:     10/s (99116)
[Jul  5 03:20:46] [INFO] [4h54m0s] C:       0/s (0) N:       0/s (0) W:     500/s (6048779) R:     10/s (99116)
[Jul  5 03:21:46] [INFO] [4h55m0s] C:       0/s (0) N:       0/s (0) W:     500/s (6079262) R:     10/s (99116)
[Jul  5 03:22:46] [INFO] [4h56m0s] C:       0/s (0) N:       0/s (0) W:     500/s (6112299) R:     10/s (99116)
[Jul  5 03:23:46] [INFO] [4h57m0s] C:       0/s (0) N:       0/s (0) W:     500/s (6143973) R:     10/s (99116)
[Jul  5 03:24:46] [INFO] [4h58m0s] C:       0/s (0) N:       0/s (0) W:     500/s (6175136) R:     10/s (99116)
[Jul  5 03:25:46] [INFO] [4h59m0s] C:       0/s (0) N:       0/s (0) W:     500/s (6208174) R:     10/s (99116)
[Jul  5 03:26:46] [INFO] [5h0m0s] C:       0/s (0) N:       0/s (0) W:     500/s (6238682) R:     10/s (99116)
[Jul  5 03:27:46] [INFO] [5h1m0s] C:       0/s (0) N:       0/s (0) W:     500/s (6271402) R:     10/s (99116)
[Jul  5 03:28:46] [INFO] [5h2m0s] C:       0/s (0) N:       0/s (0) W:     500/s (6300210) R:     10/s (99116)
[Jul  5 03:29:46] [INFO] [5h3m0s] C:       0/s (0) N:       0/s (0) W:     500/s (6334192) R:     10/s (99116)
[Jul  5 03:30:46] [INFO] [5h4m0s] C:       0/s (0) N:       0/s (0) W:     500/s (6365968) R:     10/s (99116)
[Jul  5 03:31:46] [INFO] [5h5m0s] C:       0/s (0) N:       0/s (0) W:     500/s (6396367) R:     10/s (99116)
[Jul  5 03:32:46] [INFO] [5h6m0s] C:       0/s (0) N:       0/s (0) W:     500/s (6430232) R:     10/s (99116)
[Jul  5 03:33:46] [INFO] [5h7m0s] C:       0/s (0) N:       0/s (0) W:     500/s (6459671) R:     10/s (99116)
[Jul  5 03:34:46] [INFO] [5h8m0s] C:       0/s (0) N:       0/s (0) W:     500/s (6493400) R:     10/s (99116)
[Jul  5 03:35:46] [INFO] [5h9m0s] C:       0/s (0) N:       0/s (0) W:     500/s (6523531) R:     10/s (99116)
[Jul  5 03:36:46] [INFO] [5h10m0s] C:       0/s (0) N:       0/s (0) W:     500/s (6558247) R:     10/s (99116)
[Jul  5 03:37:46] [INFO] [5h11m0s] C:       0/s (0) N:       0/s (0) W:     500/s (6593392) R:     10/s (99116)
[Jul  5 03:38:46] [INFO] [5h12m0s] C:       0/s (0) N:       0/s (0) W:     500/s (6625581) R:     10/s (99116)
[Jul  5 03:39:46] [INFO] [5h13m0s] C:       0/s (0) N:     800/s (16874) W:     500/s (6650559) R:     10/s (99116)
[Jul  5 03:40:46] [INFO] [5h14m0s] C:       0/s (0) N:    1500/s (119683) W:     500/s (6650559) R:     10/s (99116)
[Jul  5 03:41:46] [INFO] [5h15m0s] C:       0/s (0) N:    1600/s (236090) W:     500/s (6650559) R:     10/s (99116)
[Jul  5 03:42:46] [INFO] [5h16m0s] C:       0/s (0) N:    1700/s (354931) W:     500/s (6650559) R:     10/s (99116)
[Jul  5 03:43:46] [INFO] [5h17m0s] C:       0/s (0) N:    1800/s (476146) W:     500/s (6650559) R:     10/s (99116)
[Jul  5 03:44:46] [INFO] [5h18m0s] C:       0/s (0) N:    1800/s (598339) W:     500/s (6650559) R:     10/s (99116)
[Jul  5 03:45:46] [INFO] [5h19m0s] C:       0/s (0) N:    1800/s (720495) W:     500/s (6650559) R:     10/s (99116)
[Jul  5 03:46:04] Updating generalized tables
[Jul  5 03:46:46] [INFO] [5h20m0s] C:       0/s (0) N:    1900/s (757582) W:     500/s (6650559) R:     10/s (99116)
[Jul  5 03:47:46] [INFO] [5h21m0s] C:       0/s (0) N:    1900/s (757582) W:     500/s (6650559) R:     10/s (99116)
[Jul  5 03:48:46] [INFO] [5h22m0s] C:       0/s (0) N:    1900/s (757582) W:     500/s (6650559) R:     10/s (99116)
[Jul  5 03:49:46] [INFO] [5h23m0s] C:       0/s (0) N:    1900/s (757582) W:     500/s (6650559) R:     10/s (99116)
[Jul  5 03:50:46] [INFO] [5h24m0s] C:       0/s (0) N:    1900/s (757582) W:     500/s (6650559) R:     10/s (99116)
[Jul  5 03:51:46] [INFO] [5h25m0s] C:       0/s (0) N:    1900/s (757582) W:     500/s (6650559) R:     10/s (99116)
[Jul  5 03:52:46] [INFO] [5h26m0s] C:       0/s (0) N:    1900/s (757582) W:     500/s (6650559) R:     10/s (99116)
[Jul  5 03:53:46] [INFO] [5h27m0s] C:       0/s (0) N:    1900/s (757582) W:     500/s (6650559) R:     10/s (99116)
[Jul  5 03:54:46] [INFO] [5h28m0s] C:       0/s (0) N:    1900/s (757582) W:     500/s (6650559) R:     10/s (99116)
[Jul  5 03:55:46] [INFO] [5h29m0s] C:       0/s (0) N:    1900/s (757582) W:     500/s (6650559) R:     10/s (99116)
[Jul  5 03:56:46] [INFO] [5h30m0s] C:       0/s (0) N:    1900/s (757582) W:     500/s (6650559) R:     10/s (99116)
[Jul  5 03:57:46] [INFO] [5h31m0s] C:       0/s (0) N:    1900/s (757582) W:     500/s (6650559) R:     10/s (99116)
[Jul  5 03:58:46] [INFO] [5h32m0s] C:       0/s (0) N:    1900/s (757582) W:     500/s (6650559) R:     10/s (99116)
[Jul  5 03:59:46] [INFO] [5h33m0s] C:       0/s (0) N:    1900/s (757582) W:     500/s (6650559) R:     10/s (99116)
[Jul  5 04:00:46] [INFO] [5h34m0s] C:       0/s (0) N:    1900/s (757582) W:     500/s (6650559) R:     10/s (99116)
[Jul  5 04:01:46] [INFO] [5h35m0s] C:       0/s (0) N:    1900/s (757582) W:     500/s (6650559) R:     10/s (99116)
[Jul  5 04:02:46] [INFO] [5h36m0s] C:       0/s (0) N:    1900/s (757582) W:     500/s (6650559) R:     10/s (99116)
[Jul  5 04:03:46] [INFO] [5h37m0s] C:       0/s (0) N:    1900/s (757582) W:     500/s (6650559) R:     10/s (99116)
[Jul  5 04:04:46] [INFO] [5h38m0s] C:       0/s (0) N:    1900/s (757582) W:     500/s (6650559) R:     10/s (99116)
[Jul  5 04:05:46] [INFO] [5h39m0s] C:       0/s (0) N:    1900/s (757582) W:     500/s (6650559) R:     10/s (99116)
[Jul  5 04:06:46] [INFO] [5h40m0s] C:       0/s (0) N:    1900/s (757582) W:     500/s (6650559) R:     10/s (99116)
[Jul  5 04:06:58] [INFO] [PostGIS] Updating generalized tables took: 20m54.536010567s
[Jul  5 04:06:59] [INFO] [diff] Writing added/modified elements took: 5h40m12.8002176s
[Jul  5 04:06:59] [INFO] [5h40m12s] C:       0/s (0) N:    1900/s (757582) W:     500/s (6650559) R:     10/s (99116)
[Jul  5 04:06:59] [INFO] [diff] Processing /TMP_DATA/imposm_updates/change_file.osc.gz took: 6h51m0.012820426s
